{"uuid":"7efe9be3-edd7-4fbc-946f-80aed2c2c8a6","historyId":"ffc7869af302b58d5a252265c934af49","fullName":"tests.CreateCourierTest.testCannotCreateCourierWithoutFirstName","labels":[{"name":"package","value":"tests"},{"name":"testClass","value":"tests.CreateCourierTest"},{"name":"testMethod","value":"testCannotCreateCourierWithoutFirstName"},{"name":"suite","value":"tests.CreateCourierTest"},{"name":"host","value":"DESKTOP-KDGPOAJ"},{"name":"thread","value":"4176@DESKTOP-KDGPOAJ.main(1)"},{"name":"framework","value":"junit4"},{"name":"language","value":"java"}],"links":[],"name":"testCannotCreateCourierWithoutFirstName","status":"failed","statusDetails":{"known":false,"muted":false,"flaky":false,"message":"Ошибка: курьер был создан без обязательного поля firstName, что не соответствует требованиям.","trace":"java.lang.AssertionError: Ошибка: курьер был создан без обязательного поля firstName, что не соответствует требованиям.\r\n\tat tests.CreateCourierTest.testCannotCreateCourierWithoutFirstName(CreateCourierTest.java:102)\r\n\tat java.base/jdk.internal.reflect.NativeMethodAccessorImpl.invoke0(Native Method)\r\n\tat java.base/jdk.internal.reflect.NativeMethodAccessorImpl.invoke(NativeMethodAccessorImpl.java:62)\r\n\tat java.base/jdk.internal.reflect.DelegatingMethodAccessorImpl.invoke(DelegatingMethodAccessorImpl.java:43)\r\n\tat java.base/java.lang.reflect.Method.invoke(Method.java:566)\r\n\tat org.junit.runners.model.FrameworkMethod$1.runReflectiveCall(FrameworkMethod.java:59)\r\n\tat org.junit.internal.runners.model.ReflectiveCallable.run(ReflectiveCallable.java:12)\r\n\tat org.junit.runners.model.FrameworkMethod.invokeExplosively(FrameworkMethod.java:56)\r\n\tat org.junit.internal.runners.statements.InvokeMethod.evaluate(InvokeMethod.java:17)\r\n\tat org.junit.internal.runners.statements.RunBefores.evaluate(RunBefores.java:26)\r\n\tat org.junit.internal.runners.statements.RunAfters.evaluate(RunAfters.java:27)\r\n\tat org.junit.runners.ParentRunner$3.evaluate(ParentRunner.java:306)\r\n\tat org.junit.runners.BlockJUnit4ClassRunner$1.evaluate(BlockJUnit4ClassRunner.java:100)\r\n\tat org.junit.runners.ParentRunner.runLeaf(ParentRunner.java:366)\r\n\tat org.junit.runners.BlockJUnit4ClassRunner.runChild(BlockJUnit4ClassRunner.java:103)\r\n\tat org.junit.runners.BlockJUnit4ClassRunner.runChild(BlockJUnit4ClassRunner.java:63)\r\n\tat org.junit.runners.ParentRunner$4.run(ParentRunner.java:331)\r\n\tat org.junit.runners.ParentRunner$1.schedule(ParentRunner.java:79)\r\n\tat org.junit.runners.ParentRunner.runChildren(ParentRunner.java:329)\r\n\tat org.junit.runners.ParentRunner.access$100(ParentRunner.java:66)\r\n\tat org.junit.runners.ParentRunner$2.evaluate(ParentRunner.java:293)\r\n\tat org.junit.runners.ParentRunner$3.evaluate(ParentRunner.java:306)\r\n\tat org.junit.runners.ParentRunner.run(ParentRunner.java:413)\r\n\tat org.apache.maven.surefire.junit4.JUnit4Provider.execute(JUnit4Provider.java:316)\r\n\tat org.apache.maven.surefire.junit4.JUnit4Provider.executeWithRerun(JUnit4Provider.java:240)\r\n\tat org.apache.maven.surefire.junit4.JUnit4Provider.executeTestSet(JUnit4Provider.java:214)\r\n\tat org.apache.maven.surefire.junit4.JUnit4Provider.invoke(JUnit4Provider.java:155)\r\n\tat org.apache.maven.surefire.booter.ForkedBooter.runSuitesInProcess(ForkedBooter.java:385)\r\n\tat org.apache.maven.surefire.booter.ForkedBooter.execute(ForkedBooter.java:162)\r\n\tat org.apache.maven.surefire.booter.ForkedBooter.run(ForkedBooter.java:507)\r\n\tat org.apache.maven.surefire.booter.ForkedBooter.main(ForkedBooter.java:495)\r\n"},"stage":"finished","description":"Проверка ошибки при создании курьера без имени (firstName)","steps":[{"name":"Инициализация данных перед тестом","status":"passed","stage":"finished","steps":[],"attachments":[],"parameters":[],"start":1730278932146,"stop":1730278932146},{"name":"Тест на создание курьера без имени (firstName)","status":"failed","statusDetails":{"known":false,"muted":false,"flaky":false,"message":"Ошибка: курьер был создан без обязательного поля firstName, что не соответствует требованиям.","trace":"java.lang.AssertionError: Ошибка: курьер был создан без обязательного поля firstName, что не соответствует требованиям.\r\n\tat tests.CreateCourierTest.testCannotCreateCourierWithoutFirstName(CreateCourierTest.java:102)\r\n\tat java.base/jdk.internal.reflect.NativeMethodAccessorImpl.invoke0(Native Method)\r\n\tat java.base/jdk.internal.reflect.NativeMethodAccessorImpl.invoke(NativeMethodAccessorImpl.java:62)\r\n\tat java.base/jdk.internal.reflect.DelegatingMethodAccessorImpl.invoke(DelegatingMethodAccessorImpl.java:43)\r\n\tat java.base/java.lang.reflect.Method.invoke(Method.java:566)\r\n\tat org.junit.runners.model.FrameworkMethod$1.runReflectiveCall(FrameworkMethod.java:59)\r\n\tat org.junit.internal.runners.model.ReflectiveCallable.run(ReflectiveCallable.java:12)\r\n\tat org.junit.runners.model.FrameworkMethod.invokeExplosively(FrameworkMethod.java:56)\r\n\tat org.junit.internal.runners.statements.InvokeMethod.evaluate(InvokeMethod.java:17)\r\n\tat org.junit.internal.runners.statements.RunBefores.evaluate(RunBefores.java:26)\r\n\tat org.junit.internal.runners.statements.RunAfters.evaluate(RunAfters.java:27)\r\n\tat org.junit.runners.ParentRunner$3.evaluate(ParentRunner.java:306)\r\n\tat org.junit.runners.BlockJUnit4ClassRunner$1.evaluate(BlockJUnit4ClassRunner.java:100)\r\n\tat org.junit.runners.ParentRunner.runLeaf(ParentRunner.java:366)\r\n\tat org.junit.runners.BlockJUnit4ClassRunner.runChild(BlockJUnit4ClassRunner.java:103)\r\n\tat org.junit.runners.BlockJUnit4ClassRunner.runChild(BlockJUnit4ClassRunner.java:63)\r\n\tat org.junit.runners.ParentRunner$4.run(ParentRunner.java:331)\r\n\tat org.junit.runners.ParentRunner$1.schedule(ParentRunner.java:79)\r\n\tat org.junit.runners.ParentRunner.runChildren(ParentRunner.java:329)\r\n\tat org.junit.runners.ParentRunner.access$100(ParentRunner.java:66)\r\n\tat org.junit.runners.ParentRunner$2.evaluate(ParentRunner.java:293)\r\n\tat org.junit.runners.ParentRunner$3.evaluate(ParentRunner.java:306)\r\n\tat org.junit.runners.ParentRunner.run(ParentRunner.java:413)\r\n\tat org.apache.maven.surefire.junit4.JUnit4Provider.execute(JUnit4Provider.java:316)\r\n\tat org.apache.maven.surefire.junit4.JUnit4Provider.executeWithRerun(JUnit4Provider.java:240)\r\n\tat org.apache.maven.surefire.junit4.JUnit4Provider.executeTestSet(JUnit4Provider.java:214)\r\n\tat org.apache.maven.surefire.junit4.JUnit4Provider.invoke(JUnit4Provider.java:155)\r\n\tat org.apache.maven.surefire.booter.ForkedBooter.runSuitesInProcess(ForkedBooter.java:385)\r\n\tat org.apache.maven.surefire.booter.ForkedBooter.execute(ForkedBooter.java:162)\r\n\tat org.apache.maven.surefire.booter.ForkedBooter.run(ForkedBooter.java:507)\r\n\tat org.apache.maven.surefire.booter.ForkedBooter.main(ForkedBooter.java:495)\r\n"},"stage":"finished","steps":[{"name":"Создание курьера с логином: Courier1730278932146","status":"passed","stage":"finished","steps":[],"attachments":[],"parameters":[{"name":"login","value":"Courier1730278932146"},{"name":"password","value":"audc4e5t"},{"name":"firstName","value":""}],"start":1730278932146,"stop":1730278932892},{"name":"Авторизация курьера с логином: Courier1730278932146 и получением ID","status":"passed","stage":"finished","steps":[{"name":"Авторизация курьера с логином: Courier1730278932146","status":"passed","stage":"finished","steps":[],"attachments":[],"parameters":[{"name":"login","value":"Courier1730278932146"},{"name":"password","value":"audc4e5t"}],"start":1730278932892,"stop":1730278933621}],"attachments":[],"parameters":[{"name":"login","value":"Courier1730278932146"},{"name":"password","value":"audc4e5t"}],"start":1730278932892,"stop":1730278933630},{"name":"Удаление курьера с ID: 411693","status":"passed","stage":"finished","steps":[{"name":"Удаление курьера с ID: 411693","status":"passed","stage":"finished","steps":[],"attachments":[],"parameters":[{"name":"courierId","value":"411693"}],"start":1730278933630,"stop":1730278934402}],"attachments":[],"parameters":[{"name":"courierId","value":"411693"}],"start":1730278933630,"stop":1730278934402}],"attachments":[],"parameters":[],"start":1730278932146,"stop":1730278934403},{"name":"Очистка данных после теста","status":"passed","stage":"finished","steps":[],"attachments":[],"parameters":[],"start":1730278934403,"stop":1730278934403}],"attachments":[],"parameters":[],"start":1730278932146,"stop":1730278934403}